<?xml version="1.0" encoding="UTF-8"?>
<testsuite xmlns:xsi="http://www.w3.org/2001/XMLSchema-instance" xsi:noNamespaceSchemaLocation="https://maven.apache.org/surefire/maven-surefire-plugin/xsd/surefire-test-report.xsd" name="TestSuite" time="1" tests="4" errors="0" skipped="0" failures="0">
  <properties>
[...]
</properties>
  <testcase name="AudiA6" classname="comexpediacli.TestNG_Grouping" time="0.008"/>
  <testcase name="BMW3Series" classname="comexpediacli.TestNG_Grouping" time="0.001"/>
  <testcase name="BMWX3" classname="comexpediacli.TestNG_Grouping" time="0"/>
  <testcase name="HondaAccord" classname="comexpediacli.TestNG_Grouping" time="0"/>
</testsuite>