<?xml version="1.0" encoding="UTF-8"?>
<testng-results ignored="0" total="4" passed="4" failed="0" skipped="0">
  <reporter-output>
  </reporter-output>
  <suite started-at="2021-03-03T15:22:57 ART" name="TestSuite" finished-at="2021-03-03T15:22:57 ART" duration-ms="65">
    <groups>
      <group name="SUV">
        <method signature="TestNG_Grouping.BMWX3()[pri:0, instance:comexpediacli.TestNG_Grouping@3c0be339]" name="BMWX3" class="comexpediacli.TestNG_Grouping"/>
      </group> <!-- SUV -->
      <group name="Audi">
        <method signature="TestNG_Grouping.AudiA6()[pri:0, instance:comexpediacli.TestNG_Grouping@3c0be339]" name="AudiA6" class="comexpediacli.TestNG_Grouping"/>
      </group> <!-- Audi -->
      <group name="BMW">
        <method signature="TestNG_Grouping.BMW3Series()[pri:0, instance:comexpediacli.TestNG_Grouping@3c0be339]" name="BMW3Series" class="comexpediacli.TestNG_Grouping"/>
        <method signature="TestNG_Grouping.BMWX3()[pri:0, instance:comexpediacli.TestNG_Grouping@3c0be339]" name="BMWX3" class="comexpediacli.TestNG_Grouping"/>
      </group> <!-- BMW -->
      <group name="Honda">
        <method signature="TestNG_Grouping.HondaAccord()[pri:0, instance:comexpediacli.TestNG_Grouping@3c0be339]" name="HondaAccord" class="comexpediacli.TestNG_Grouping"/>
      </group> <!-- Honda -->
      <group name="Sedan">
        <method signature="TestNG_Grouping.AudiA6()[pri:0, instance:comexpediacli.TestNG_Grouping@3c0be339]" name="AudiA6" class="comexpediacli.TestNG_Grouping"/>
        <method signature="TestNG_Grouping.BMW3Series()[pri:0, instance:comexpediacli.TestNG_Grouping@3c0be339]" name="BMW3Series" class="comexpediacli.TestNG_Grouping"/>
        <method signature="TestNG_Grouping.HondaAccord()[pri:0, instance:comexpediacli.TestNG_Grouping@3c0be339]" name="HondaAccord" class="comexpediacli.TestNG_Grouping"/>
      </group> <!-- Sedan -->
    </groups>
    <test started-at="2021-03-03T15:22:57 ART" name="ExpediaSearchPage" finished-at="2021-03-03T15:22:57 ART" duration-ms="65">
      <class name="comexpediacli.TestNG_Grouping">
        <test-method is-config="true" signature="beforeMethod()[pri:0, instance:comexpediacli.TestNG_Grouping@3c0be339]" started-at="2021-03-03T15:22:57 ART" name="beforeMethod" finished-at="2021-03-03T15:22:57 ART" duration-ms="6" status="PASS">
          <reporter-output>
          </reporter-output>
        </test-method> <!-- beforeMethod -->
        <test-method signature="AudiA6()[pri:0, instance:comexpediacli.TestNG_Grouping@3c0be339]" started-at="2021-03-03T15:22:57 ART" name="AudiA6" finished-at="2021-03-03T15:22:57 ART" duration-ms="3" status="PASS">
          <reporter-output>
          </reporter-output>
        </test-method> <!-- AudiA6 -->
        <test-method is-config="true" signature="beforeMethod()[pri:0, instance:comexpediacli.TestNG_Grouping@3c0be339]" started-at="2021-03-03T15:22:57 ART" name="beforeMethod" finished-at="2021-03-03T15:22:57 ART" duration-ms="0" status="PASS">
          <reporter-output>
          </reporter-output>
        </test-method> <!-- beforeMethod -->
        <test-method signature="BMW3Series()[pri:0, instance:comexpediacli.TestNG_Grouping@3c0be339]" started-at="2021-03-03T15:22:57 ART" name="BMW3Series" finished-at="2021-03-03T15:22:57 ART" duration-ms="0" status="PASS">
          <reporter-output>
          </reporter-output>
        </test-method> <!-- BMW3Series -->
        <test-method is-config="true" signature="beforeMethod()[pri:0, instance:comexpediacli.TestNG_Grouping@3c0be339]" started-at="2021-03-03T15:22:57 ART" name="beforeMethod" finished-at="2021-03-03T15:22:57 ART" duration-ms="0" status="PASS">
          <reporter-output>
          </reporter-output>
        </test-method> <!-- beforeMethod -->
        <test-method is-config="true" signature="beforeMethod()[pri:0, instance:comexpediacli.TestNG_Grouping@3c0be339]" started-at="2021-03-03T15:22:57 ART" name="beforeMethod" finished-at="2021-03-03T15:22:57 ART" duration-ms="0" status="PASS">
          <reporter-output>
          </reporter-output>
        </test-method> <!-- beforeMethod -->
        <test-method signature="BMWX3()[pri:0, instance:comexpediacli.TestNG_Grouping@3c0be339]" started-at="2021-03-03T15:22:57 ART" name="BMWX3" finished-at="2021-03-03T15:22:57 ART" duration-ms="0" status="PASS">
          <reporter-output>
          </reporter-output>
        </test-method> <!-- BMWX3 -->
        <test-method signature="HondaAccord()[pri:0, instance:comexpediacli.TestNG_Grouping@3c0be339]" started-at="2021-03-03T15:22:57 ART" name="HondaAccord" finished-at="2021-03-03T15:22:57 ART" duration-ms="0" status="PASS">
          <reporter-output>
          </reporter-output>
        </test-method> <!-- HondaAccord -->
      </class> <!-- comexpediacli.TestNG_Grouping -->
    </test> <!-- ExpediaSearchPage -->
  </suite> <!-- TestSuite -->
</testng-results>
