<?xml version="1.0" encoding="UTF-8"?>
<!-- Generated by org.testng.reporters.JUnitXMLReporter -->
<testsuite ignored="0" hostname="DESKTOP-4U8FI25" failures="0" tests="4" name="ExpediaSearchPage" time="0.091" errors="0" timestamp="2021-02-27T12:34:07 ART">
  <testcase classname="comexpediacli.TestNG_Grouping" name="AudiA6" time="0.007"/>
  <testcase classname="comexpediacli.TestNG_Grouping" name="BMW3Series" time="0.002"/>
  <testcase classname="comexpediacli.TestNG_Grouping" name="BMWX3" time="0.002"/>
  <testcase classname="comexpediacli.TestNG_Grouping" name="HondaAccord" time="0.001"/>
</testsuite> <!-- ExpediaSearchPage -->
