<?xml version="1.0" encoding="UTF-8"?>
<!-- Generated by org.testng.reporters.JUnitXMLReporter -->
<testsuite hostname="DESKTOP-4U8FI25" ignored="0" name="Default test" tests="4" failures="0" timestamp="2021-03-01T11:37:19 ART" time="0.082" errors="0">
  <testcase name="AudiA6" time="0.007" classname="comexpediacli.TestNG_Grouping"/>
  <testcase name="BMW3Series" time="0.002" classname="comexpediacli.TestNG_Grouping"/>
  <testcase name="BMWX3" time="0.002" classname="comexpediacli.TestNG_Grouping"/>
  <testcase name="HondaAccord" time="0.002" classname="comexpediacli.TestNG_Grouping"/>
</testsuite> <!-- Default test -->
